<?xml version="1.0" encoding="UTF-8"?>
<!-- Generated by org.testng.reporters.JUnitReportReporter -->
<testsuite hostname="Vaishnavi6" failures="0" tests="1" name="Testcase.Final_class" time="29.233" errors="0" timestamp="2024-09-01T20:18:50 IST" skipped="0">
  <testcase classname="Testcase.Final_class" name="homepage" time="29.233"/>
  <system-out/>
</testsuite> <!-- Testcase.Final_class -->
